2025-10-21T00:21:58.819+07:00  WARN 27680 --- [E-Ticket] [restartedMain] o.a.c.c.C.[Tomcat].[localhost].[/]       : Cannot deserialize session attribute [SPRING_SECURITY_CONTEXT] for session [FF99474EE787BE8212B6DF8829485346]
2025-10-21T00:21:58.825+07:00 ERROR 27680 --- [E-Ticket] [restartedMain] o.a.catalina.session.StandardManager     : Exception loading sessions from persistent storage

java.lang.ClassCastException: class java.lang.String cannot be cast to class java.io.ObjectStreamClass (java.lang.String and java.io.ObjectStreamClass are in module java.base of loader 'bootstrap')
	at java.base/java.io.ObjectInputStream.readClassDesc(ObjectInputStream.java:1929) ~[na:na]
	at java.base/java.io.ObjectInputStream.readOrdinaryObject(ObjectInputStream.java:2252) ~[na:na]
	at java.base/java.io.ObjectInputStream.readObject0(ObjectInputStream.java:1762) ~[na:na]
	at java.base/java.io.ObjectInputStream.readObject(ObjectInputStream.java:540) ~[na:na]
	at java.base/java.io.ObjectInputStream.readObject(ObjectInputStream.java:498) ~[na:na]
	at org.apache.catalina.session.StandardSession.doReadObject(StandardSession.java:1122) ~[tomcat-embed-core-10.1.44.jar:10.1.44]
	at org.apache.catalina.session.StandardSession.readObjectData(StandardSession.java:822) ~[tomcat-embed-core-10.1.44.jar:10.1.44]
	at org.apache.catalina.session.StandardManager.doLoad(StandardManager.java:210) ~[tomcat-embed-core-10.1.44.jar:10.1.44]
	at org.apache.catalina.session.StandardManager.load(StandardManager.java:156) ~[tomcat-embed-core-10.1.44.jar:10.1.44]
	at org.apache.catalina.session.StandardManager.startInternal(StandardManager.java:345) ~[tomcat-embed-core-10.1.44.jar:10.1.44]
	at org.apache.catalina.util.LifecycleBase.start(LifecycleBase.java:164) ~[tomcat-embed-core-10.1.44.jar:10.1.44]
	at org.apache.catalina.core.StandardContext.startInternal(StandardContext.java:4491) ~[tomcat-embed-core-10.1.44.jar:10.1.44]
	at org.apache.catalina.util.LifecycleBase.start(LifecycleBase.java:164) ~[tomcat-embed-core-10.1.44.jar:10.1.44]
	at org.apache.catalina.core.ContainerBase$StartChild.call(ContainerBase.java:1203) ~[tomcat-embed-core-10.1.44.jar:10.1.44]
	at org.apache.catalina.core.ContainerBase$StartChild.call(ContainerBase.java:1193) ~[tomcat-embed-core-10.1.44.jar:10.1.44]
	at java.base/java.util.concurrent.FutureTask.run(FutureTask.java:317) ~[na:na]
	at org.apache.tomcat.util.threads.InlineExecutorService.execute(InlineExecutorService.java:75) ~[tomcat-embed-core-10.1.44.jar:10.1.44]
	at java.base/java.util.concurrent.AbstractExecutorService.submit(AbstractExecutorService.java:145) ~[na:na]
	at org.apache.catalina.core.ContainerBase.startInternal(ContainerBase.java:749) ~[tomcat-embed-core-10.1.44.jar:10.1.44]
	at org.apache.catalina.core.StandardHost.startInternal(StandardHost.java:772) ~[tomcat-embed-core-10.1.44.jar:10.1.44]
	at org.apache.catalina.util.LifecycleBase.start(LifecycleBase.java:164) ~[tomcat-embed-core-10.1.44.jar:10.1.44]
	at org.apache.catalina.core.ContainerBase$StartChild.call(ContainerBase.java:1203) ~[tomcat-embed-core-10.1.44.jar:10.1.44]
	at org.apache.catalina.core.ContainerBase$StartChild.call(ContainerBase.java:1193) ~[tomcat-embed-core-10.1.44.jar:10.1.44]
	at java.base/java.util.concurrent.FutureTask.run(FutureTask.java:317) ~[na:na]
	at org.apache.tomcat.util.threads.InlineExecutorService.execute(InlineExecutorService.java:75) ~[tomcat-embed-core-10.1.44.jar:10.1.44]
	at java.base/java.util.concurrent.AbstractExecutorService.submit(AbstractExecutorService.java:145) ~[na:na]
	at org.apache.catalina.core.ContainerBase.startInternal(ContainerBase.java:749) ~[tomcat-embed-core-10.1.44.jar:10.1.44]
	at org.apache.catalina.core.StandardEngine.startInternal(StandardEngine.java:203) ~[tomcat-embed-core-10.1.44.jar:10.1.44]
	at org.apache.catalina.util.LifecycleBase.start(LifecycleBase.java:164) ~[tomcat-embed-core-10.1.44.jar:10.1.44]
	at org.apache.catalina.core.StandardService.startInternal(StandardService.java:412) ~[tomcat-embed-core-10.1.44.jar:10.1.44]
	at org.apache.catalina.util.LifecycleBase.start(LifecycleBase.java:164) ~[tomcat-embed-core-10.1.44.jar:10.1.44]
	at org.apache.catalina.core.StandardServer.startInternal(StandardServer.java:870) ~[tomcat-embed-core-10.1.44.jar:10.1.44]
	at org.apache.catalina.util.LifecycleBase.start(LifecycleBase.java:164) ~[tomcat-embed-core-10.1.44.jar:10.1.44]
	at org.apache.catalina.startup.Tomcat.start(Tomcat.java:438) ~[tomcat-embed-core-10.1.44.jar:10.1.44]
	at org.springframework.boot.web.embedded.tomcat.TomcatWebServer.initialize(TomcatWebServer.java:128) ~[spring-boot-3.5.5.jar:3.5.5]
	at org.springframework.boot.web.embedded.tomcat.TomcatWebServer.<init>(TomcatWebServer.java:107) ~[spring-boot-3.5.5.jar:3.5.5]
	at org.springframework.boot.web.embedded.tomcat.TomcatServletWebServerFactory.getTomcatWebServer(TomcatServletWebServerFactory.java:517) ~[spring-boot-3.5.5.jar:3.5.5]
	at org.springframework.boot.web.embedded.tomcat.TomcatServletWebServerFactory.getWebServer(TomcatServletWebServerFactory.java:219) ~[spring-boot-3.5.5.jar:3.5.5]
	at org.springframework.boot.web.servlet.context.ServletWebServerApplicationContext.createWebServer(ServletWebServerApplicationContext.java:193) ~[spring-boot-3.5.5.jar:3.5.5]
	at org.springframework.boot.web.servlet.context.ServletWebServerApplicationContext.onRefresh(ServletWebServerApplicationContext.java:167) ~[spring-boot-3.5.5.jar:3.5.5]
	at org.springframework.context.support.AbstractApplicationContext.refresh(AbstractApplicationContext.java:621) ~[spring-context-6.2.10.jar:6.2.10]
	at org.springframework.boot.web.servlet.context.ServletWebServerApplicationContext.refresh(ServletWebServerApplicationContext.java:146) ~[spring-boot-3.5.5.jar:3.5.5]
	at org.springframework.boot.SpringApplication.refresh(SpringApplication.java:752) ~[spring-boot-3.5.5.jar:3.5.5]
	at org.springframework.boot.SpringApplication.refreshContext(SpringApplication.java:439) ~[spring-boot-3.5.5.jar:3.5.5]
	at org.springframework.boot.SpringApplication.run(SpringApplication.java:318) ~[spring-boot-3.5.5.jar:3.5.5]
	at org.springframework.boot.SpringApplication.run(SpringApplication.java:1361) ~[spring-boot-3.5.5.jar:3.5.5]
	at org.springframework.boot.SpringApplication.run(SpringApplication.java:1350) ~[spring-boot-3.5.5.jar:3.5.5]
	at com.example.E_Ticket.ETicketApplication.main(ETicketApplication.java:16) ~[classes/:na]
	at java.base/jdk.internal.reflect.DirectMethodHandleAccessor.invoke(DirectMethodHandleAccessor.java:103) ~[na:na]
	at java.base/java.lang.reflect.Method.invoke(Method.java:580) ~[na:na]
	at org.springframework.boot.devtools.restart.RestartLauncher.run(RestartLauncher.java:50) ~[spring-boot-devtools-3.5.5.jar:3.5.5]

2025-10-21T00:21:59.495+07:00  WARN 27680 --- [E-Ticket] [restartedMain] org.hibernate.dialect.Dialect            : HHH000511: The 5.5.5 version for [org.hibernate.dialect.MySQLDialect] is no longer supported, hence certain features may not work properly. The minimum supported version is 8.0.0. Check the community dialects project for available legacy versions.
2025-10-21T00:22:08.440+07:00  WARN 27920 --- [E-Ticket] [restartedMain] org.hibernate.dialect.Dialect            : HHH000511: The 5.5.5 version for [org.hibernate.dialect.MySQLDialect] is no longer supported, hence certain features may not work properly. The minimum supported version is 8.0.0. Check the community dialects project for available legacy versions.
2025-10-21T00:22:08.490+07:00  WARN 30104 --- [E-Ticket] [restartedMain] org.hibernate.dialect.Dialect            : HHH000511: The 5.5.5 version for [org.hibernate.dialect.MySQLDialect] is no longer supported, hence certain features may not work properly. The minimum supported version is 8.0.0. Check the community dialects project for available legacy versions.
2025-10-21T00:22:15.417+07:00  WARN 29772 --- [E-Ticket] [restartedMain] org.hibernate.dialect.Dialect            : HHH000511: The 5.5.5 version for [org.hibernate.dialect.MySQLDialect] is no longer supported, hence certain features may not work properly. The minimum supported version is 8.0.0. Check the community dialects project for available legacy versions.
2025-10-21T00:22:18.711+07:00  WARN 29772 --- [E-Ticket] [restartedMain] JpaBaseConfiguration$JpaWebConfiguration : spring.jpa.open-in-view is enabled by default. Therefore, database queries may be performed during view rendering. Explicitly configure spring.jpa.open-in-view to disable this warning
2025-10-21T00:22:44.467+07:00  WARN 29772 --- [E-Ticket] [http-nio-8080-exec-5] actStandardFragmentInsertionTagProcessor : [THYMELEAF][http-nio-8080-exec-5][index] Deprecated unwrapped fragment expression "_layout :: html(~{::title}, ~{::style}, ~{::section})" found in template index, line 3, col 7. Please use the complete syntax of fragment expressions instead ("~{_layout :: html(~{::title}, ~{::style}, ~{::section})}"). The old, unwrapped syntax for fragment expressions will be removed in future versions of Thymeleaf.
2025-10-21T00:22:48.900+07:00  WARN 29772 --- [E-Ticket] [http-nio-8080-exec-1] actStandardFragmentInsertionTagProcessor : [THYMELEAF][http-nio-8080-exec-1][index] Deprecated unwrapped fragment expression "_layout :: html(~{::title}, ~{::style}, ~{::section})" found in template index, line 3, col 7. Please use the complete syntax of fragment expressions instead ("~{_layout :: html(~{::title}, ~{::style}, ~{::section})}"). The old, unwrapped syntax for fragment expressions will be removed in future versions of Thymeleaf.
2025-10-21T00:22:50.802+07:00  WARN 29772 --- [E-Ticket] [http-nio-8080-exec-7] actStandardFragmentInsertionTagProcessor : [THYMELEAF][http-nio-8080-exec-7][events/detail] Deprecated unwrapped fragment expression "_layout :: html(~{::title}, ~{::style}, ~{::section})" found in template events/detail, line 232, col 7. Please use the complete syntax of fragment expressions instead ("~{_layout :: html(~{::title}, ~{::style}, ~{::section})}"). The old, unwrapped syntax for fragment expressions will be removed in future versions of Thymeleaf.
2025-10-21T00:23:38.010+07:00  WARN 29772 --- [E-Ticket] [http-nio-8080-exec-8] actStandardFragmentInsertionTagProcessor : [THYMELEAF][http-nio-8080-exec-8][index] Deprecated unwrapped fragment expression "_layout :: html(~{::title}, ~{::style}, ~{::section})" found in template index, line 3, col 7. Please use the complete syntax of fragment expressions instead ("~{_layout :: html(~{::title}, ~{::style}, ~{::section})}"). The old, unwrapped syntax for fragment expressions will be removed in future versions of Thymeleaf.
2025-10-21T00:23:53.557+07:00  WARN 29772 --- [E-Ticket] [http-nio-8080-exec-8] actStandardFragmentInsertionTagProcessor : [THYMELEAF][http-nio-8080-exec-8][index] Deprecated unwrapped fragment expression "_layout :: html(~{::title}, ~{::style}, ~{::section})" found in template index, line 3, col 7. Please use the complete syntax of fragment expressions instead ("~{_layout :: html(~{::title}, ~{::style}, ~{::section})}"). The old, unwrapped syntax for fragment expressions will be removed in future versions of Thymeleaf.
2025-10-21T00:23:54.476+07:00  WARN 29772 --- [E-Ticket] [http-nio-8080-exec-3] actStandardFragmentInsertionTagProcessor : [THYMELEAF][http-nio-8080-exec-3][events/detail] Deprecated unwrapped fragment expression "_layout :: html(~{::title}, ~{::style}, ~{::section})" found in template events/detail, line 232, col 7. Please use the complete syntax of fragment expressions instead ("~{_layout :: html(~{::title}, ~{::style}, ~{::section})}"). The old, unwrapped syntax for fragment expressions will be removed in future versions of Thymeleaf.
2025-10-21T00:24:03.981+07:00  WARN 29772 --- [E-Ticket] [http-nio-8080-exec-1] actStandardFragmentInsertionTagProcessor : [THYMELEAF][http-nio-8080-exec-1][checkout/index] Deprecated unwrapped fragment expression "_layout :: html(~{::title}, ~{::style}, ~{::section})" found in template checkout/index, line 3, col 7. Please use the complete syntax of fragment expressions instead ("~{_layout :: html(~{::title}, ~{::style}, ~{::section})}"). The old, unwrapped syntax for fragment expressions will be removed in future versions of Thymeleaf.
2025-10-21T00:27:18.657+07:00  WARN 29772 --- [E-Ticket] [http-nio-8080-exec-3] actStandardFragmentInsertionTagProcessor : [THYMELEAF][http-nio-8080-exec-3][orders/detail] Deprecated unwrapped fragment expression "_layout :: html(~{::title}, ~{::style}, ~{::section})" found in template orders/detail, line 129, col 7. Please use the complete syntax of fragment expressions instead ("~{_layout :: html(~{::title}, ~{::style}, ~{::section})}"). The old, unwrapped syntax for fragment expressions will be removed in future versions of Thymeleaf.
2025-10-21T00:27:24.469+07:00  WARN 29772 --- [E-Ticket] [http-nio-8080-exec-2] actStandardFragmentInsertionTagProcessor : [THYMELEAF][http-nio-8080-exec-2][orders/detail] Deprecated unwrapped fragment expression "_layout :: html(~{::title}, ~{::style}, ~{::section})" found in template orders/detail, line 129, col 7. Please use the complete syntax of fragment expressions instead ("~{_layout :: html(~{::title}, ~{::style}, ~{::section})}"). The old, unwrapped syntax for fragment expressions will be removed in future versions of Thymeleaf.
2025-10-21T00:27:29.090+07:00  WARN 29772 --- [E-Ticket] [http-nio-8080-exec-8] actStandardFragmentInsertionTagProcessor : [THYMELEAF][http-nio-8080-exec-8][orders/detail] Deprecated unwrapped fragment expression "_layout :: html(~{::title}, ~{::style}, ~{::section})" found in template orders/detail, line 129, col 7. Please use the complete syntax of fragment expressions instead ("~{_layout :: html(~{::title}, ~{::style}, ~{::section})}"). The old, unwrapped syntax for fragment expressions will be removed in future versions of Thymeleaf.
2025-10-21T00:27:32.644+07:00  WARN 29772 --- [E-Ticket] [http-nio-8080-exec-5] actStandardFragmentInsertionTagProcessor : [THYMELEAF][http-nio-8080-exec-5][orders/list] Deprecated unwrapped fragment expression "_layout :: html(~{::title}, ~{::style}, ~{::section})" found in template orders/list, line 3, col 7. Please use the complete syntax of fragment expressions instead ("~{_layout :: html(~{::title}, ~{::style}, ~{::section})}"). The old, unwrapped syntax for fragment expressions will be removed in future versions of Thymeleaf.
2025-10-21T00:27:34.200+07:00  WARN 29772 --- [E-Ticket] [http-nio-8080-exec-3] actStandardFragmentInsertionTagProcessor : [THYMELEAF][http-nio-8080-exec-3][orders/detail] Deprecated unwrapped fragment expression "_layout :: html(~{::title}, ~{::style}, ~{::section})" found in template orders/detail, line 129, col 7. Please use the complete syntax of fragment expressions instead ("~{_layout :: html(~{::title}, ~{::style}, ~{::section})}"). The old, unwrapped syntax for fragment expressions will be removed in future versions of Thymeleaf.
2025-10-21T00:27:35.071+07:00  WARN 29772 --- [E-Ticket] [http-nio-8080-exec-4] actStandardFragmentInsertionTagProcessor : [THYMELEAF][http-nio-8080-exec-4][orders/list] Deprecated unwrapped fragment expression "_layout :: html(~{::title}, ~{::style}, ~{::section})" found in template orders/list, line 3, col 7. Please use the complete syntax of fragment expressions instead ("~{_layout :: html(~{::title}, ~{::style}, ~{::section})}"). The old, unwrapped syntax for fragment expressions will be removed in future versions of Thymeleaf.
2025-10-21T00:27:36.598+07:00  WARN 29772 --- [E-Ticket] [http-nio-8080-exec-7] actStandardFragmentInsertionTagProcessor : [THYMELEAF][http-nio-8080-exec-7][orders/detail] Deprecated unwrapped fragment expression "_layout :: html(~{::title}, ~{::style}, ~{::section})" found in template orders/detail, line 129, col 7. Please use the complete syntax of fragment expressions instead ("~{_layout :: html(~{::title}, ~{::style}, ~{::section})}"). The old, unwrapped syntax for fragment expressions will be removed in future versions of Thymeleaf.
2025-10-21T00:27:37.494+07:00  WARN 29772 --- [E-Ticket] [http-nio-8080-exec-8] actStandardFragmentInsertionTagProcessor : [THYMELEAF][http-nio-8080-exec-8][orders/list] Deprecated unwrapped fragment expression "_layout :: html(~{::title}, ~{::style}, ~{::section})" found in template orders/list, line 3, col 7. Please use the complete syntax of fragment expressions instead ("~{_layout :: html(~{::title}, ~{::style}, ~{::section})}"). The old, unwrapped syntax for fragment expressions will be removed in future versions of Thymeleaf.
2025-10-21T00:27:39.341+07:00  WARN 29772 --- [E-Ticket] [http-nio-8080-exec-5] actStandardFragmentInsertionTagProcessor : [THYMELEAF][http-nio-8080-exec-5][orders/detail] Deprecated unwrapped fragment expression "_layout :: html(~{::title}, ~{::style}, ~{::section})" found in template orders/detail, line 129, col 7. Please use the complete syntax of fragment expressions instead ("~{_layout :: html(~{::title}, ~{::style}, ~{::section})}"). The old, unwrapped syntax for fragment expressions will be removed in future versions of Thymeleaf.
2025-10-21T00:27:39.991+07:00  WARN 29772 --- [E-Ticket] [http-nio-8080-exec-3] actStandardFragmentInsertionTagProcessor : [THYMELEAF][http-nio-8080-exec-3][orders/list] Deprecated unwrapped fragment expression "_layout :: html(~{::title}, ~{::style}, ~{::section})" found in template orders/list, line 3, col 7. Please use the complete syntax of fragment expressions instead ("~{_layout :: html(~{::title}, ~{::style}, ~{::section})}"). The old, unwrapped syntax for fragment expressions will be removed in future versions of Thymeleaf.
2025-10-21T00:27:40.835+07:00  WARN 29772 --- [E-Ticket] [http-nio-8080-exec-4] actStandardFragmentInsertionTagProcessor : [THYMELEAF][http-nio-8080-exec-4][orders/detail] Deprecated unwrapped fragment expression "_layout :: html(~{::title}, ~{::style}, ~{::section})" found in template orders/detail, line 129, col 7. Please use the complete syntax of fragment expressions instead ("~{_layout :: html(~{::title}, ~{::style}, ~{::section})}"). The old, unwrapped syntax for fragment expressions will be removed in future versions of Thymeleaf.
2025-10-21T00:27:45.086+07:00  WARN 29772 --- [E-Ticket] [http-nio-8080-exec-7] actStandardFragmentInsertionTagProcessor : [THYMELEAF][http-nio-8080-exec-7][orders/list] Deprecated unwrapped fragment expression "_layout :: html(~{::title}, ~{::style}, ~{::section})" found in template orders/list, line 3, col 7. Please use the complete syntax of fragment expressions instead ("~{_layout :: html(~{::title}, ~{::style}, ~{::section})}"). The old, unwrapped syntax for fragment expressions will be removed in future versions of Thymeleaf.
2025-10-21T00:27:47.575+07:00  WARN 29772 --- [E-Ticket] [http-nio-8080-exec-8] actStandardFragmentInsertionTagProcessor : [THYMELEAF][http-nio-8080-exec-8][orders/detail] Deprecated unwrapped fragment expression "_layout :: html(~{::title}, ~{::style}, ~{::section})" found in template orders/detail, line 129, col 7. Please use the complete syntax of fragment expressions instead ("~{_layout :: html(~{::title}, ~{::style}, ~{::section})}"). The old, unwrapped syntax for fragment expressions will be removed in future versions of Thymeleaf.
2025-10-21T00:27:48.624+07:00  WARN 29772 --- [E-Ticket] [http-nio-8080-exec-5] actStandardFragmentInsertionTagProcessor : [THYMELEAF][http-nio-8080-exec-5][orders/list] Deprecated unwrapped fragment expression "_layout :: html(~{::title}, ~{::style}, ~{::section})" found in template orders/list, line 3, col 7. Please use the complete syntax of fragment expressions instead ("~{_layout :: html(~{::title}, ~{::style}, ~{::section})}"). The old, unwrapped syntax for fragment expressions will be removed in future versions of Thymeleaf.
2025-10-21T00:27:49.029+07:00  WARN 29772 --- [E-Ticket] [http-nio-8080-exec-3] actStandardFragmentInsertionTagProcessor : [THYMELEAF][http-nio-8080-exec-3][orders/detail] Deprecated unwrapped fragment expression "_layout :: html(~{::title}, ~{::style}, ~{::section})" found in template orders/detail, line 129, col 7. Please use the complete syntax of fragment expressions instead ("~{_layout :: html(~{::title}, ~{::style}, ~{::section})}"). The old, unwrapped syntax for fragment expressions will be removed in future versions of Thymeleaf.
2025-10-21T00:29:21.052+07:00  WARN 29772 --- [E-Ticket] [http-nio-8080-exec-7] actStandardFragmentInsertionTagProcessor : [THYMELEAF][http-nio-8080-exec-7][orders/detail] Deprecated unwrapped fragment expression "_layout :: html(~{::title}, ~{::style}, ~{::section})" found in template orders/detail, line 129, col 7. Please use the complete syntax of fragment expressions instead ("~{_layout :: html(~{::title}, ~{::style}, ~{::section})}"). The old, unwrapped syntax for fragment expressions will be removed in future versions of Thymeleaf.
2025-10-21T00:29:24.342+07:00  WARN 29772 --- [E-Ticket] [http-nio-8080-exec-9] actStandardFragmentInsertionTagProcessor : [THYMELEAF][http-nio-8080-exec-9][index] Deprecated unwrapped fragment expression "_layout :: html(~{::title}, ~{::style}, ~{::section})" found in template index, line 3, col 7. Please use the complete syntax of fragment expressions instead ("~{_layout :: html(~{::title}, ~{::style}, ~{::section})}"). The old, unwrapped syntax for fragment expressions will be removed in future versions of Thymeleaf.
2025-10-21T00:29:25.824+07:00  WARN 29772 --- [E-Ticket] [http-nio-8080-exec-2] actStandardFragmentInsertionTagProcessor : [THYMELEAF][http-nio-8080-exec-2][events/detail] Deprecated unwrapped fragment expression "_layout :: html(~{::title}, ~{::style}, ~{::section})" found in template events/detail, line 232, col 7. Please use the complete syntax of fragment expressions instead ("~{_layout :: html(~{::title}, ~{::style}, ~{::section})}"). The old, unwrapped syntax for fragment expressions will be removed in future versions of Thymeleaf.
2025-10-21T02:06:12.824+07:00  WARN 31616 --- [E-Ticket] [restartedMain] org.hibernate.dialect.Dialect            : HHH000511: The 5.5.5 version for [org.hibernate.dialect.MySQLDialect] is no longer supported, hence certain features may not work properly. The minimum supported version is 8.0.0. Check the community dialects project for available legacy versions.
2025-10-21T02:06:16.334+07:00  WARN 31616 --- [E-Ticket] [restartedMain] JpaBaseConfiguration$JpaWebConfiguration : spring.jpa.open-in-view is enabled by default. Therefore, database queries may be performed during view rendering. Explicitly configure spring.jpa.open-in-view to disable this warning
2025-10-21T02:22:01.250+07:00  WARN 31616 --- [E-Ticket] [http-nio-8080-exec-7] ration$PageModule$WarningLoggingModifier : Serializing PageImpl instances as-is is not supported, meaning that there is no guarantee about the stability of the resulting JSON structure!
	For a stable JSON structure, please use Spring Data's PagedModel (globally via @EnableSpringDataWebSupport(pageSerializationMode = VIA_DTO))
	or Spring HATEOAS and Spring Data's PagedResourcesAssembler as documented in https://docs.spring.io/spring-data/commons/reference/repositories/core-extensions.html#core.web.pageables.

2025-10-21T02:41:28.651+07:00  WARN 10308 --- [E-Ticket] [restartedMain] org.hibernate.dialect.Dialect            : HHH000511: The 5.5.5 version for [org.hibernate.dialect.MySQLDialect] is no longer supported, hence certain features may not work properly. The minimum supported version is 8.0.0. Check the community dialects project for available legacy versions.
2025-10-21T02:41:31.771+07:00  WARN 10308 --- [E-Ticket] [restartedMain] JpaBaseConfiguration$JpaWebConfiguration : spring.jpa.open-in-view is enabled by default. Therefore, database queries may be performed during view rendering. Explicitly configure spring.jpa.open-in-view to disable this warning
2025-10-21T02:41:34.281+07:00  WARN 10308 --- [E-Ticket] [http-nio-8080-exec-1] actStandardFragmentInsertionTagProcessor : [THYMELEAF][http-nio-8080-exec-1][index] Deprecated unwrapped fragment expression "_layout :: html(~{::title}, ~{::style}, ~{::section})" found in template index, line 3, col 7. Please use the complete syntax of fragment expressions instead ("~{_layout :: html(~{::title}, ~{::style}, ~{::section})}"). The old, unwrapped syntax for fragment expressions will be removed in future versions of Thymeleaf.
2025-10-21T02:41:38.044+07:00  WARN 10308 --- [E-Ticket] [http-nio-8080-exec-7] actStandardFragmentInsertionTagProcessor : [THYMELEAF][http-nio-8080-exec-7][index] Deprecated unwrapped fragment expression "_layout :: html(~{::title}, ~{::style}, ~{::section})" found in template index, line 3, col 7. Please use the complete syntax of fragment expressions instead ("~{_layout :: html(~{::title}, ~{::style}, ~{::section})}"). The old, unwrapped syntax for fragment expressions will be removed in future versions of Thymeleaf.
2025-10-21T02:41:39.212+07:00  WARN 10308 --- [E-Ticket] [http-nio-8080-exec-4] actStandardFragmentInsertionTagProcessor : [THYMELEAF][http-nio-8080-exec-4][events/detail] Deprecated unwrapped fragment expression "_layout :: html(~{::title}, ~{::style}, ~{::section})" found in template events/detail, line 232, col 7. Please use the complete syntax of fragment expressions instead ("~{_layout :: html(~{::title}, ~{::style}, ~{::section})}"). The old, unwrapped syntax for fragment expressions will be removed in future versions of Thymeleaf.
2025-10-21T02:43:34.384+07:00  WARN 10308 --- [E-Ticket] [http-nio-8080-exec-6] actStandardFragmentInsertionTagProcessor : [THYMELEAF][http-nio-8080-exec-6][index] Deprecated unwrapped fragment expression "_layout :: html(~{::title}, ~{::style}, ~{::section})" found in template index, line 3, col 7. Please use the complete syntax of fragment expressions instead ("~{_layout :: html(~{::title}, ~{::style}, ~{::section})}"). The old, unwrapped syntax for fragment expressions will be removed in future versions of Thymeleaf.
2025-10-21T02:43:56.231+07:00  WARN 10308 --- [E-Ticket] [http-nio-8080-exec-1] actStandardFragmentInsertionTagProcessor : [THYMELEAF][http-nio-8080-exec-1][checkout/index] Deprecated unwrapped fragment expression "_layout :: html(~{::title}, ~{::style}, ~{::section})" found in template checkout/index, line 3, col 7. Please use the complete syntax of fragment expressions instead ("~{_layout :: html(~{::title}, ~{::style}, ~{::section})}"). The old, unwrapped syntax for fragment expressions will be removed in future versions of Thymeleaf.
2025-10-21T02:44:43.241+07:00  WARN 10308 --- [E-Ticket] [http-nio-8080-exec-8] actStandardFragmentInsertionTagProcessor : [THYMELEAF][http-nio-8080-exec-8][orders/detail] Deprecated unwrapped fragment expression "_layout :: html(~{::title}, ~{::style}, ~{::section})" found in template orders/detail, line 129, col 7. Please use the complete syntax of fragment expressions instead ("~{_layout :: html(~{::title}, ~{::style}, ~{::section})}"). The old, unwrapped syntax for fragment expressions will be removed in future versions of Thymeleaf.
2025-10-21T02:45:27.774+07:00  WARN 10308 --- [E-Ticket] [http-nio-8080-exec-9] actStandardFragmentInsertionTagProcessor : [THYMELEAF][http-nio-8080-exec-9][index] Deprecated unwrapped fragment expression "_layout :: html(~{::title}, ~{::style}, ~{::section})" found in template index, line 3, col 7. Please use the complete syntax of fragment expressions instead ("~{_layout :: html(~{::title}, ~{::style}, ~{::section})}"). The old, unwrapped syntax for fragment expressions will be removed in future versions of Thymeleaf.
2025-10-21T02:46:01.811+07:00  WARN 10308 --- [E-Ticket] [http-nio-8080-exec-7] ration$PageModule$WarningLoggingModifier : Serializing PageImpl instances as-is is not supported, meaning that there is no guarantee about the stability of the resulting JSON structure!
	For a stable JSON structure, please use Spring Data's PagedModel (globally via @EnableSpringDataWebSupport(pageSerializationMode = VIA_DTO))
	or Spring HATEOAS and Spring Data's PagedResourcesAssembler as documented in https://docs.spring.io/spring-data/commons/reference/repositories/core-extensions.html#core.web.pageables.

2025-10-21T02:50:28.921+07:00  WARN 10308 --- [E-Ticket] [http-nio-8080-exec-9] .m.m.a.ExceptionHandlerExceptionResolver : Resolved [com.example.E_Ticket.exception.BusinessException: endAt must be after startAt]
2025-10-21T02:50:30.050+07:00  WARN 10308 --- [E-Ticket] [http-nio-8080-exec-3] .m.m.a.ExceptionHandlerExceptionResolver : Resolved [com.example.E_Ticket.exception.BusinessException: endAt must be after startAt]
2025-10-21T02:50:31.173+07:00  WARN 10308 --- [E-Ticket] [http-nio-8080-exec-6] .m.m.a.ExceptionHandlerExceptionResolver : Resolved [com.example.E_Ticket.exception.BusinessException: endAt must be after startAt]
2025-10-21T02:50:31.435+07:00  WARN 10308 --- [E-Ticket] [http-nio-8080-exec-10] .m.m.a.ExceptionHandlerExceptionResolver : Resolved [com.example.E_Ticket.exception.BusinessException: endAt must be after startAt]
2025-10-21T02:50:31.659+07:00  WARN 10308 --- [E-Ticket] [http-nio-8080-exec-1] .m.m.a.ExceptionHandlerExceptionResolver : Resolved [com.example.E_Ticket.exception.BusinessException: endAt must be after startAt]
2025-10-21T02:50:32.018+07:00  WARN 10308 --- [E-Ticket] [http-nio-8080-exec-8] .m.m.a.ExceptionHandlerExceptionResolver : Resolved [com.example.E_Ticket.exception.BusinessException: endAt must be after startAt]
2025-10-21T02:50:32.709+07:00  WARN 10308 --- [E-Ticket] [http-nio-8080-exec-2] .m.m.a.ExceptionHandlerExceptionResolver : Resolved [com.example.E_Ticket.exception.BusinessException: endAt must be after startAt]
2025-10-21T02:50:33.939+07:00  WARN 10308 --- [E-Ticket] [http-nio-8080-exec-4] .m.m.a.ExceptionHandlerExceptionResolver : Resolved [com.example.E_Ticket.exception.BusinessException: endAt must be after startAt]
2025-10-21T02:50:34.899+07:00  WARN 10308 --- [E-Ticket] [http-nio-8080-exec-5] .m.m.a.ExceptionHandlerExceptionResolver : Resolved [com.example.E_Ticket.exception.BusinessException: endAt must be after startAt]
2025-10-21T02:51:17.168+07:00  WARN 10308 --- [E-Ticket] [http-nio-8080-exec-1] .m.m.a.ExceptionHandlerExceptionResolver : Resolved [com.example.E_Ticket.exception.BusinessException: endAt must be after startAt]
2025-10-21T03:21:43.938+07:00  WARN 18752 --- [E-Ticket] [restartedMain] org.hibernate.dialect.Dialect            : HHH000511: The 5.5.5 version for [org.hibernate.dialect.MySQLDialect] is no longer supported, hence certain features may not work properly. The minimum supported version is 8.0.0. Check the community dialects project for available legacy versions.
2025-10-21T03:21:47.230+07:00  WARN 18752 --- [E-Ticket] [restartedMain] JpaBaseConfiguration$JpaWebConfiguration : spring.jpa.open-in-view is enabled by default. Therefore, database queries may be performed during view rendering. Explicitly configure spring.jpa.open-in-view to disable this warning
2025-10-21T03:22:19.658+07:00  WARN 18752 --- [E-Ticket] [http-nio-8080-exec-8] ration$PageModule$WarningLoggingModifier : Serializing PageImpl instances as-is is not supported, meaning that there is no guarantee about the stability of the resulting JSON structure!
	For a stable JSON structure, please use Spring Data's PagedModel (globally via @EnableSpringDataWebSupport(pageSerializationMode = VIA_DTO))
	or Spring HATEOAS and Spring Data's PagedResourcesAssembler as documented in https://docs.spring.io/spring-data/commons/reference/repositories/core-extensions.html#core.web.pageables.

